Determining if the pthread_create exist failed with the following output:
Change Dir: /home/valeria/.gazebo/models/qb/build/CMakeFiles/CMakeTmp

Run Build Command:/usr/bin/make "cmTryCompileExec755787171/fast"
/usr/bin/make -f CMakeFiles/cmTryCompileExec755787171.dir/build.make CMakeFiles/cmTryCompileExec755787171.dir/build
make[1]: Entering directory `/home/valeria/.gazebo/models/qb/build/CMakeFiles/CMakeTmp'
/usr/bin/cmake -E cmake_progress_report /home/valeria/.gazebo/models/qb/build/CMakeFiles/CMakeTmp/CMakeFiles 1
Building C object CMakeFiles/cmTryCompileExec755787171.dir/CheckSymbolExists.c.o
/usr/bin/cc    -o CMakeFiles/cmTryCompileExec755787171.dir/CheckSymbolExists.c.o   -c /home/valeria/.gazebo/models/qb/build/CMakeFiles/CMakeTmp/CheckSymbolExists.c
Linking C executable cmTryCompileExec755787171
/usr/bin/cmake -E cmake_link_script CMakeFiles/cmTryCompileExec755787171.dir/link.txt --verbose=1
/usr/bin/cc       CMakeFiles/cmTryCompileExec755787171.dir/CheckSymbolExists.c.o  -o cmTryCompileExec755787171 -rdynamic 
CMakeFiles/cmTryCompileExec755787171.dir/CheckSymbolExists.c.o: In function `main':
CheckSymbolExists.c:(.text+0xa): undefined reference to `pthread_create'
collect2: error: ld returned 1 exit status
make[1]: *** [cmTryCompileExec755787171] Error 1
make[1]: Leaving directory `/home/valeria/.gazebo/models/qb/build/CMakeFiles/CMakeTmp'
make: *** [cmTryCompileExec755787171/fast] Error 2

File /home/valeria/.gazebo/models/qb/build/CMakeFiles/CMakeTmp/CheckSymbolExists.c:
/* */
#include <pthread.h>

int main(int argc, char** argv)
{
  (void)argv;
#ifndef pthread_create
  return ((int*)(&pthread_create))[argc];
#else
  (void)argc;
  return 0;
#endif
}

Determining if the function pthread_create exists in the pthreads failed with the following output:
Change Dir: /home/valeria/.gazebo/models/qb/build/CMakeFiles/CMakeTmp

Run Build Command:/usr/bin/make "cmTryCompileExec3298844656/fast"
/usr/bin/make -f CMakeFiles/cmTryCompileExec3298844656.dir/build.make CMakeFiles/cmTryCompileExec3298844656.dir/build
make[1]: Entering directory `/home/valeria/.gazebo/models/qb/build/CMakeFiles/CMakeTmp'
/usr/bin/cmake -E cmake_progress_report /home/valeria/.gazebo/models/qb/build/CMakeFiles/CMakeTmp/CMakeFiles 1
Building C object CMakeFiles/cmTryCompileExec3298844656.dir/CheckFunctionExists.c.o
/usr/bin/cc   -DCHECK_FUNCTION_EXISTS=pthread_create   -o CMakeFiles/cmTryCompileExec3298844656.dir/CheckFunctionExists.c.o   -c /usr/share/cmake-2.8/Modules/CheckFunctionExists.c
Linking C executable cmTryCompileExec3298844656
/usr/bin/cmake -E cmake_link_script CMakeFiles/cmTryCompileExec3298844656.dir/link.txt --verbose=1
/usr/bin/cc   -DCHECK_FUNCTION_EXISTS=pthread_create    CMakeFiles/cmTryCompileExec3298844656.dir/CheckFunctionExists.c.o  -o cmTryCompileExec3298844656 -rdynamic -lpthreads 
/usr/bin/ld: cannot find -lpthreads
collect2: error: ld returned 1 exit status
make[1]: *** [cmTryCompileExec3298844656] Error 1
make[1]: Leaving directory `/home/valeria/.gazebo/models/qb/build/CMakeFiles/CMakeTmp'
make: *** [cmTryCompileExec3298844656/fast] Error 2


